<?xml version="1.0" encoding="UTF-8"?>
<testsuite name="Tests" tests="3" skipped="0" failures="0" errors="0" timestamp="2019-08-25T17:35:15" hostname="ANSH" time="0.006">
  <properties/>
  <testcase name="testCircumference1" classname="Tests" time="0.005"/>
  <testcase name="testCircumference2" classname="Tests" time="0.001"/>
  <testcase name="testCircumference3" classname="Tests" time="0.0"/>
  <system-out><![CDATA[]]></system-out>
  <system-err><![CDATA[]]></system-err>
</testsuite>
