<?xml version="1.0" encoding="UTF-8"?>
<testsuite name="Tests" tests="3" skipped="0" failures="0" errors="0" timestamp="2019-08-25T17:14:08" hostname="ANSH" time="0.006">
  <properties/>
  <testcase name="testSolution" classname="Tests" time="0.003"/>
  <testcase name="checkForZero" classname="Tests" time="0.0"/>
  <testcase name="testSolution2" classname="Tests" time="0.001"/>
  <system-out><![CDATA[]]></system-out>
  <system-err><![CDATA[]]></system-err>
</testsuite>
