<?xml version="1.0" encoding="UTF-8"?>
<testsuite name="Tests" tests="3" skipped="0" failures="0" errors="0" timestamp="2019-08-25T17:47:13" hostname="ANSH" time="0.084">
  <properties/>
  <testcase name="testSolution" classname="Tests" time="0.082"/>
  <testcase name="checkForZero" classname="Tests" time="0.0"/>
  <testcase name="testSolution2" classname="Tests" time="0.0"/>
  <system-out><![CDATA[]]></system-out>
  <system-err><![CDATA[]]></system-err>
</testsuite>
