<?xml version="1.0" encoding="UTF-8"?>
<testsuite name="Tests" tests="4" skipped="0" failures="0" errors="0" timestamp="2019-08-25T17:23:59" hostname="ANSH" time="0.018">
  <properties/>
  <testcase name="checkFor10" classname="Tests" time="0.007"/>
  <testcase name="checkFor127" classname="Tests" time="0.001"/>
  <testcase name="checkFor128" classname="Tests" time="0.001"/>
  <testcase name="checkFor0" classname="Tests" time="0.006"/>
  <system-out><![CDATA[]]></system-out>
  <system-err><![CDATA[]]></system-err>
</testsuite>
