<?xml version="1.0" encoding="UTF-8"?>
<testsuite name="Tests" tests="3" skipped="0" failures="0" errors="0" timestamp="2019-08-25T18:35:49" hostname="ANSH" time="0.035">
  <properties/>
  <testcase name="test2" classname="Tests" time="0.033"/>
  <testcase name="test3" classname="Tests" time="0.0"/>
  <testcase name="testWithSimpleValues" classname="Tests" time="0.0"/>
  <system-out><![CDATA[]]></system-out>
  <system-err><![CDATA[]]></system-err>
</testsuite>
