<?xml version="1.0" encoding="UTF-8"?>
<testsuite name="Tests" tests="4" skipped="0" failures="0" errors="0" timestamp="2019-08-25T17:45:38" hostname="ANSH" time="0.005">
  <properties/>
  <testcase name="checkFor10" classname="Tests" time="0.003"/>
  <testcase name="checkFor22" classname="Tests" time="0.0"/>
  <testcase name="checkFor45" classname="Tests" time="0.001"/>
  <testcase name="checkFor0" classname="Tests" time="0.0"/>
  <system-out><![CDATA[]]></system-out>
  <system-err><![CDATA[]]></system-err>
</testsuite>
