<?xml version="1.0" encoding="UTF-8"?>
<testsuite name="Tests" tests="3" skipped="0" failures="0" errors="0" timestamp="2019-08-26T07:30:29" hostname="ANSH" time="0.008">
  <properties/>
  <testcase name="checkFor0and0" classname="Tests" time="0.005"/>
  <testcase name="checkFor2and2" classname="Tests" time="0.0"/>
  <testcase name="checkFor4and5" classname="Tests" time="0.001"/>
  <system-out><![CDATA[]]></system-out>
  <system-err><![CDATA[]]></system-err>
</testsuite>
